Assembler report for binary_up_down_counter
Mon Apr 11 17:00:31 2022
Quartus Prime Version 21.1.0 Build 842 10/21/2021 SJ Lite Edition


---------------------
; Table of Contents ;
---------------------
  1. Legal Notice
  2. Assembler Summary
  3. Assembler Settings
  4. Assembler Generated Files
  5. Assembler Device Options: D:/Maven Learning/Practicals/Lab4/7 BINARY_UP_DOWN_CNTR_4_BIT/quartus/output_files/binary_up_down_counter.sof
  6. Assembler Messages



----------------
; Legal Notice ;
----------------
Copyright (C) 2021  Intel Corporation. All rights reserved.
Your use of Intel Corporation's design tools, logic functions 
and other software and tools, and any partner logic 
functions, and any output files from any of the foregoing 
(including device programming or simulation files), and any 
associated documentation or information are expressly subject 
to the terms and conditions of the Intel Program License 
Subscription Agreement, the Intel Quartus Prime License Agreement,
the Intel FPGA IP License Agreement, or other applicable license
agreement, including, without limitation, that your use is for
the sole purpose of programming logic devices manufactured by
Intel and sold by Intel or its authorized distributors.  Please
refer to the applicable agreement for further details, at
https://fpgasoftware.intel.com/eula.



+---------------------------------------------------------------+
; Assembler Summary                                             ;
+-----------------------+---------------------------------------+
; Assembler Status      ; Successful - Mon Apr 11 17:00:30 2022 ;
; Revision Name         ; binary_up_down_counter                ;
; Top-level Entity Name ; binary_up_down_counter                ;
; Family                ; Cyclone V                             ;
; Device                ; 5CGXFC7C7F23C8                        ;
+-----------------------+---------------------------------------+


+----------------------------------+
; Assembler Settings               ;
+--------+---------+---------------+
; Option ; Setting ; Default Value ;
+--------+---------+---------------+


+---------------------------------------------------------------------------------------------------------------+
; Assembler Generated Files                                                                                     ;
+---------------------------------------------------------------------------------------------------------------+
; File Name                                                                                                     ;
+---------------------------------------------------------------------------------------------------------------+
; D:/Maven Learning/Practicals/Lab4/7 BINARY_UP_DOWN_CNTR_4_BIT/quartus/output_files/binary_up_down_counter.sof ;
+---------------------------------------------------------------------------------------------------------------+


+-----------------------------------------------------------------------------------------------------------------------------------------+
; Assembler Device Options: D:/Maven Learning/Practicals/Lab4/7 BINARY_UP_DOWN_CNTR_4_BIT/quartus/output_files/binary_up_down_counter.sof ;
+----------------+------------------------------------------------------------------------------------------------------------------------+
; Option         ; Setting                                                                                                                ;
+----------------+------------------------------------------------------------------------------------------------------------------------+
; JTAG usercode  ; 0x00EC51AD                                                                                                             ;
; Checksum       ; 0x00EC51AD                                                                                                             ;
+----------------+------------------------------------------------------------------------------------------------------------------------+


+--------------------+
; Assembler Messages ;
+--------------------+
Info: *******************************************************************
Info: Running Quartus Prime Assembler
    Info: Version 21.1.0 Build 842 10/21/2021 SJ Lite Edition
    Info: Processing started: Mon Apr 11 17:00:23 2022
Info: Command: quartus_asm --read_settings_files=off --write_settings_files=off binary_up_down_counter -c binary_up_down_counter
Warning (18236): Number of processors has not been specified which may cause overloading on shared machines.  Set the global assignment NUM_PARALLEL_PROCESSORS in your QSF to an appropriate value for best performance.
Info (115030): Assembler is generating device programming files
Info: Quartus Prime Assembler was successful. 0 errors, 1 warning
    Info: Peak virtual memory: 4870 megabytes
    Info: Processing ended: Mon Apr 11 17:00:31 2022
    Info: Elapsed time: 00:00:08
    Info: Total CPU time (on all processors): 00:00:06


